
=== Sun Apr 24 23:47:01 2022

Packages were changed.
Update Mode: updateDependencies

The following packages were added:
  com.unity.ide.visualstudio@2.0.11
The following packages were updated:
  com.unity.ide.rider from version 1.1.4 to 2.0.7
  com.unity.ide.vscode from version 1.2.3 to 1.2.4
  com.unity.test-framework from version 1.1.22 to 1.1.29
  com.unity.timeline from version 1.2.18 to 1.4.8
  com.unity.xr.legacyinputhelpers from version 2.1.7 to 2.1.8

=== Tue Jan 24 15:01:12 2023

Packages were changed.
Update Mode: updateDependencies

The following packages were updated:
  com.unity.ide.rider from version 2.0.7 to 3.0.17
  com.unity.ide.visualstudio from version 2.0.12 to 2.0.17
  com.unity.render-pipelines.universal from version 10.7.0 to 10.10.1
  com.unity.test-framework from version 1.1.29 to 1.1.33
  com.unity.xr.legacyinputhelpers from version 2.1.8 to 2.1.10
